2020/08/19 15:18:33 server.go:163: Checking server started...
::1 - - [19/Aug/2020:15:18:33 +0700] "GET / HTTP/1.1" 200 3 "" "Go-http-client/1.1"
2020/08/19 15:18:33 server.go:177: SERVER UP AND RUNNING AT:  http://localhost:8081
2020/08/19 15:18:35 server.go:348: Post http://qbittorrent:8080/api/v2/auth/login: dial tcp: lookup qbittorrent: no such host
2020/08/19 15:18:35 server.go:263: Get http://qbittorrent:8080/api/v2/sync/maindata: dial tcp: lookup qbittorrent: no such host
2020/08/19 15:18:37 server.go:263: Get http://qbittorrent:8080/api/v2/sync/maindata: dial tcp: lookup qbittorrent: no such host
2020/08/19 15:18:37 server.go:348: Post http://qbittorrent:8080/api/v2/auth/login: dial tcp: lookup qbittorrent: no such host
2020/08/19 15:18:39 server.go:348: Post http://qbittorrent:8080/api/v2/auth/login: dial tcp: lookup qbittorrent: no such host
2020/08/19 15:18:39 server.go:263: Get http://qbittorrent:8080/api/v2/sync/maindata: dial tcp: lookup qbittorrent: no such host
2020/08/19 15:18:42 server.go:263: Get http://qbittorrent:8080/api/v2/sync/maindata: dial tcp: lookup qbittorrent: no such host
2020/08/19 15:18:42 server.go:348: Post http://qbittorrent:8080/api/v2/auth/login: dial tcp: lookup qbittorrent: no such host
2020/08/19 15:18:44 server.go:263: Get http://qbittorrent:8080/api/v2/sync/maindata: dial tcp: lookup qbittorrent: no such host
2020/08/19 15:18:44 server.go:348: Post http://qbittorrent:8080/api/v2/auth/login: dial tcp: lookup qbittorrent: no such host
2020/08/19 15:18:44 server.go:350: Cannot connect to qbittorrent server!
2020/08/19 15:22:52 server.go:161: Checking server started...
::1 - - [19/Aug/2020:15:22:52 +0700] "GET / HTTP/1.1" 200 3 "" "Go-http-client/1.1"
2020/08/19 15:22:52 server.go:175: SERVER UP AND RUNNING AT:  http://localhost:8081
2020/08/19 15:22:55 server.go:346: Post http://qbittorrent:8080/api/v2/auth/login: dial tcp: lookup qbittorrent: no such host
2020/08/19 15:22:58 server.go:346: Post http://qbittorrent:8080/api/v2/auth/login: dial tcp: lookup qbittorrent: no such host
2020/08/19 15:23:01 server.go:346: Post http://qbittorrent:8080/api/v2/auth/login: dial tcp: lookup qbittorrent: no such host
2020/08/19 15:23:04 server.go:346: Post http://qbittorrent:8080/api/v2/auth/login: dial tcp: lookup qbittorrent: no such host
2020/08/19 15:23:08 server.go:346: Post http://qbittorrent:8080/api/v2/auth/login: dial tcp: lookup qbittorrent: no such host
2020/08/19 15:23:08 server.go:348: Cannot connect to qbittorrent server!
